rmkdepend -fMEMCalculators.cpp.dep -- -I./interface -I./MELA/interface -I./   -g -Wall -Wno-deprecated -std=c++11 `root-config --cflags` -- ZZMatrixElement/MEMCalculators/src/MEMCalculators.cpp
rmkdepend: warning:  ZZMatrixElement/MEMCalculators/src/MEMCalculators.cpp (reading /opt/root/include/Rtypeinfo.h, line 32): cannot find include file "typeinfo"
	not in ./interface/typeinfo
	not in ./MELA/interface/typeinfo
	not in ./typeinfo
	not in /opt/root/include/typeinfo
	not in /usr/include/typeinfo
rmkdepend: warning:  ZZMatrixElement/MEMCalculators/src/MEMCalculators.cpp: 81: #warning "Unsupported compiler detected"
rmkdepend: warning:  ZZMatrixElement/MEMCalculators/src/MEMCalculators.cpp (reading /opt/root/include/TGenericClassInfo.h, line 15): cannot find include file "vector"
	not in ./interface/vector
	not in ./MELA/interface/vector
	not in ./vector
	not in /opt/root/include/vector
	not in /usr/include/vector
rmkdepend: warning:  ZZMatrixElement/MEMCalculators/src/MEMCalculators.cpp (reading /opt/root/include/TSchemaHelper.h, line 25): cannot find include file "string"
	not in ./interface/string
	not in ./MELA/interface/string
	not in ./string
	not in /opt/root/include/string
	not in /usr/include/string
rmkdepend: warning:  ZZMatrixElement/MEMCalculators/src/MEMCalculators.cpp (reading /opt/root/include/TMathBase.h, line 33): cannot find include file "cstdlib"
	not in ./interface/cstdlib
	not in ./MELA/interface/cstdlib
	not in ./cstdlib
	not in /opt/root/include/cstdlib
	not in /usr/include/cstdlib
rmkdepend: warning:  ZZMatrixElement/MEMCalculators/src/MEMCalculators.cpp (reading /opt/root/include/TMathBase.h, line 34): cannot find include file "cmath"
	not in ./interface/cmath
	not in ./MELA/interface/cmath
	not in ./cmath
	not in /opt/root/include/cmath
	not in /usr/include/cmath
rmkdepend: warning:  ZZMatrixElement/MEMCalculators/src/MEMCalculators.cpp (reading /opt/root/include/TError.h, line 32): cannot find include file "stdarg.h"
	not in ./interface/stdarg.h
	not in ./MELA/interface/stdarg.h
	not in ./stdarg.h
	not in /opt/root/include/stdarg.h
	not in /usr/include/stdarg.h
rmkdepend: warning:  ZZMatrixElement/MEMCalculators/src/MEMCalculators.cpp (reading /opt/root/include/TMath.h, line 34): cannot find include file "algorithm"
	not in ./interface/algorithm
	not in ./MELA/interface/algorithm
	not in ./algorithm
	not in /opt/root/include/algorithm
	not in /usr/include/algorithm
rmkdepend: warning:  ZZMatrixElement/MEMCalculators/src/MEMCalculators.cpp (reading /opt/root/include/TMath.h, line 35): cannot find include file "limits"
	not in ./interface/limits
	not in ./MELA/interface/limits
	not in ./limits
	not in /opt/root/include/limits
	not in /usr/include/limits
rmkdepend: warning:  ZZMatrixElement/MEMCalculators/src/MEMCalculators.cpp (reading /opt/root/include/TMath.h, line 36): cannot find include file "cmath"
	not in ./interface/cmath
	not in ./MELA/interface/cmath
	not in ./cmath
	not in /opt/root/include/cmath
	not in /usr/include/cmath
rmkdepend: warning:  ZZMatrixElement/MEMCalculators/src/MEMCalculators.cpp (reading /opt/root/include/TMath.h, line 358): cannot find include file "float.h"
	not in ./interface/float.h
	not in ./MELA/interface/float.h
	not in ./float.h
	not in /opt/root/include/float.h
	not in /usr/include/float.h
rmkdepend: warning:  ZZMatrixElement/MEMCalculators/src/MEMCalculators.cpp (reading /opt/root/include/TObject.h, line 42): cannot find include file "stdarg.h"
	not in ./interface/stdarg.h
	not in ./MELA/interface/stdarg.h
	not in ./stdarg.h
	not in /opt/root/include/stdarg.h
	not in /usr/include/stdarg.h
rmkdepend: warning:  ZZMatrixElement/MEMCalculators/src/MEMCalculators.cpp (reading /opt/root/include/TMatrixTBase.h, line 68): cannot find include file "limits"
	not in ./interface/limits
	not in ./MELA/interface/limits
	not in ./limits
	not in /opt/root/include/limits
	not in /usr/include/limits
rmkdepend: warning:  ZZMatrixElement/MEMCalculators/src/MEMCalculators.cpp (reading /opt/root/include/TString.h, line 39): cannot find include file "stdarg.h"
	not in ./interface/stdarg.h
	not in ./MELA/interface/stdarg.h
	not in ./stdarg.h
	not in /opt/root/include/stdarg.h
	not in /usr/include/stdarg.h
rmkdepend: warning:  ZZMatrixElement/MEMCalculators/src/MEMCalculators.cpp (reading /opt/root/include/TString.h, line 40): cannot find include file "string"
	not in ./interface/string
	not in ./MELA/interface/string
	not in ./string
	not in /opt/root/include/string
	not in /usr/include/string
rmkdepend: warning:  ZZMatrixElement/MEMCalculators/src/MEMCalculators.cpp (reading ZZMatrixElement/MELA/interface/Mela.h, line 5): cannot find include file "vector"
	not in ./interface/vector
	not in ./MELA/interface/vector
	not in ./vector
	not in /opt/root/include/vector
	not in /usr/include/vector
rmkdepend: warning:  ZZMatrixElement/MEMCalculators/src/MEMCalculators.cpp (reading ./ZZMatrixElement/MELA/interface/TVar.hh, line 4): cannot find include file "cstring"
	not in ./interface/cstring
	not in ./MELA/interface/cstring
	not in ./cstring
	not in /opt/root/include/cstring
	not in /usr/include/cstring
rmkdepend: warning:  ZZMatrixElement/MEMCalculators/src/MEMCalculators.cpp (reading ./ZZMatrixElement/MELA/interface/TVar.hh, line 5): cannot find include file "string"
	not in ./interface/string
	not in ./MELA/interface/string
	not in ./string
	not in /opt/root/include/string
	not in /usr/include/string
rmkdepend: warning:  ZZMatrixElement/MEMCalculators/src/MEMCalculators.cpp (reading /opt/root/include/TH1.h, line 64): cannot find include file "float.h"
	not in ./interface/float.h
	not in ./MELA/interface/float.h
	not in ./float.h
	not in /opt/root/include/float.h
	not in /usr/include/float.h
rmkdepend: warning:  ZZMatrixElement/MEMCalculators/src/MEMCalculators.cpp (reading ./ZZMatrixElement/MELA/interface/TEvtProb.hh, line 13): cannot find include file "sstream"
	not in ./interface/sstream
	not in ./MELA/interface/sstream
	not in ./sstream
	not in /opt/root/include/sstream
	not in /usr/include/sstream
rmkdepend: warning:  ZZMatrixElement/MEMCalculators/src/MEMCalculators.cpp (reading ./ZZMatrixElement/MELA/interface/TEvtProb.hh, line 14): cannot find include file "string"
	not in ./interface/string
	not in ./MELA/interface/string
	not in ./string
	not in /opt/root/include/string
	not in /usr/include/string
rmkdepend: warning:  ZZMatrixElement/MEMCalculators/src/MEMCalculators.cpp (reading ./ZZMatrixElement/MELA/interface/TEvtProb.hh, line 16): cannot find include file "iostream"
	not in ./interface/iostream
	not in ./MELA/interface/iostream
	not in ./iostream
	not in /opt/root/include/iostream
	not in /usr/include/iostream
rmkdepend: warning:  ZZMatrixElement/MEMCalculators/src/MEMCalculators.cpp (reading ./ZZMatrixElement/MELA/interface/TEvtProb.hh, line 17): cannot find include file "iomanip"
	not in ./interface/iomanip
	not in ./MELA/interface/iomanip
	not in ./iomanip
	not in /opt/root/include/iomanip
	not in /usr/include/iomanip
rmkdepend: warning:  ZZMatrixElement/MEMCalculators/src/MEMCalculators.cpp (reading ./ZZMatrixElement/MELA/interface/TEvtProb.hh, line 18): cannot find include file "ostream"
	not in ./interface/ostream
	not in ./MELA/interface/ostream
	not in ./ostream
	not in /opt/root/include/ostream
	not in /usr/include/ostream
rmkdepend: warning:  ZZMatrixElement/MEMCalculators/src/MEMCalculators.cpp (reading ./ZZMatrixElement/MELA/interface/TEvtProb.hh, line 19): cannot find include file "fstream"
	not in ./interface/fstream
	not in ./MELA/interface/fstream
	not in ./fstream
	not in /opt/root/include/fstream
	not in /usr/include/fstream
rmkdepend: warning:  ZZMatrixElement/MEMCalculators/src/MEMCalculators.cpp (reading /opt/root/include/TObjArray.h, line 29): cannot find include file "iterator"
	not in ./interface/iterator
	not in ./MELA/interface/iterator
	not in ./iterator
	not in /opt/root/include/iterator
	not in /usr/include/iterator
rmkdepend: warning:  ZZMatrixElement/MEMCalculators/src/MEMCalculators.cpp (reading /opt/root/include/TClass.h, line 36): cannot find include file "map"
	not in ./interface/map
	not in ./MELA/interface/map
	not in ./map
	not in /opt/root/include/map
	not in /usr/include/map
rmkdepend: warning:  ZZMatrixElement/MEMCalculators/src/MEMCalculators.cpp (reading /opt/root/include/TClass.h, line 37): cannot find include file "string"
	not in ./interface/string
	not in ./MELA/interface/string
	not in ./string
	not in /opt/root/include/string
	not in /usr/include/string
rmkdepend: warning:  ZZMatrixElement/MEMCalculators/src/MEMCalculators.cpp (reading /opt/root/include/TList.h, line 32): cannot find include file "iterator"
	not in ./interface/iterator
	not in ./MELA/interface/iterator
	not in ./iterator
	not in /opt/root/include/iterator
	not in /usr/include/iterator
rmkdepend: warning:  ZZMatrixElement/MEMCalculators/src/MEMCalculators.cpp (reading /opt/root/include/TMap.h, line 35): cannot find include file "iterator"
	not in ./interface/iterator
	not in ./MELA/interface/iterator
	not in ./iterator
	not in /opt/root/include/iterator
	not in /usr/include/iterator
rmkdepend: warning:  ZZMatrixElement/MEMCalculators/src/MEMCalculators.cpp (reading ./ZZMatrixElement/MELA/interface/TUtil.hh, line 15): cannot find include file "vector"
	not in ./interface/vector
	not in ./MELA/interface/vector
	not in ./vector
	not in /opt/root/include/vector
	not in /usr/include/vector
rmkdepend: warning:  ZZMatrixElement/MEMCalculators/src/MEMCalculators.cpp (reading /opt/root/include/Math/ParamFunctor.h, line 28): cannot find include file "vector"
	not in ./interface/vector
	not in ./MELA/interface/vector
	not in ./vector
	not in /opt/root/include/vector
	not in /usr/include/vector
rmkdepend: warning:  ZZMatrixElement/MEMCalculators/src/MEMCalculators.cpp (reading /opt/root/include/Math/ParamFunctor.h, line 29): cannot find include file "iostream"
	not in ./interface/iostream
	not in ./MELA/interface/iostream
	not in ./iostream
	not in /opt/root/include/iostream
	not in /usr/include/iostream
rmkdepend: warning:  ZZMatrixElement/MEMCalculators/src/MEMCalculators.cpp (reading ZZMatrixElement/MELA/interface/HiggsCSandWidth_MELA.h, line 13): cannot find include file "iostream"
	not in ./interface/iostream
	not in ./MELA/interface/iostream
	not in ./iostream
	not in /opt/root/include/iostream
	not in /usr/include/iostream
rmkdepend: warning:  ZZMatrixElement/MEMCalculators/src/MEMCalculators.cpp (reading ZZMatrixElement/MELA/interface/HiggsCSandWidth_MELA.h, line 14): cannot find include file "cstdlib"
	not in ./interface/cstdlib
	not in ./MELA/interface/cstdlib
	not in ./cstdlib
	not in /opt/root/include/cstdlib
	not in /usr/include/cstdlib
rmkdepend: warning:  ZZMatrixElement/MEMCalculators/src/MEMCalculators.cpp (reading ZZMatrixElement/MELA/interface/HiggsCSandWidth_MELA.h, line 15): cannot find include file "cmath"
	not in ./interface/cmath
	not in ./MELA/interface/cmath
	not in ./cmath
	not in /opt/root/include/cmath
	not in /usr/include/cmath
rmkdepend: warning:  ZZMatrixElement/MEMCalculators/src/MEMCalculators.cpp (reading ZZMatrixElement/MELA/interface/HiggsCSandWidth_MELA.h, line 16): cannot find include file "fstream"
	not in ./interface/fstream
	not in ./MELA/interface/fstream
	not in ./fstream
	not in /opt/root/include/fstream
	not in /usr/include/fstream
rmkdepend: warning:  ZZMatrixElement/MEMCalculators/src/MEMCalculators.cpp (reading ZZMatrixElement/MELA/interface/HiggsCSandWidth_MELA.h, line 17): cannot find include file "string"
	not in ./interface/string
	not in ./MELA/interface/string
	not in ./string
	not in /opt/root/include/string
	not in /usr/include/string
rmkdepend: warning:  ZZMatrixElement/MEMCalculators/src/MEMCalculators.cpp (reading /opt/root/include/TVirtualX.h, line 27): cannot find include file "utility"
	not in ./interface/utility
	not in ./MELA/interface/utility
	not in ./utility
	not in /opt/root/include/utility
	not in /usr/include/utility
rmkdepend: warning:  ZZMatrixElement/MEMCalculators/src/MEMCalculators.cpp (reading /opt/root/include/TVirtualX.h, line 28): cannot find include file "vector"
	not in ./interface/vector
	not in ./MELA/interface/vector
	not in ./vector
	not in /opt/root/include/vector
	not in /usr/include/vector
rmkdepend: warning:  ZZMatrixElement/MEMCalculators/src/MEMCalculators.cpp (reading ./ZZMatrixElement/MELA/src/AngularPdfFactory.h, line 4): cannot find include file "RooRealVar.h"
	not in RooRealVar.h
	not in ./ZZMatrixElement/MELA/src/RooRealVar.h
	not in ./interface/RooRealVar.h
	not in ./MELA/interface/RooRealVar.h
	not in ./RooRealVar.h
	not in /opt/root/include/RooRealVar.h
	not in /usr/include/RooRealVar.h
rmkdepend: warning:  ZZMatrixElement/MEMCalculators/src/MEMCalculators.cpp (reading ./ZZMatrixElement/MELA/src/RooXZsZs_5D.h, line 10): cannot find include file "RooAbsPdf.h"
	not in RooAbsPdf.h
	not in ./ZZMatrixElement/MELA/src/RooAbsPdf.h
	not in ./interface/RooAbsPdf.h
	not in ./MELA/interface/RooAbsPdf.h
	not in ./RooAbsPdf.h
	not in /opt/root/include/RooAbsPdf.h
	not in /usr/include/RooAbsPdf.h
rmkdepend: warning:  ZZMatrixElement/MEMCalculators/src/MEMCalculators.cpp (reading ./ZZMatrixElement/MELA/src/RooXZsZs_5D.h, line 11): cannot find include file "RooRealProxy.h"
	not in RooRealProxy.h
	not in ./ZZMatrixElement/MELA/src/RooRealProxy.h
	not in ./interface/RooRealProxy.h
	not in ./MELA/interface/RooRealProxy.h
	not in ./RooRealProxy.h
	not in /opt/root/include/RooRealProxy.h
	not in /usr/include/RooRealProxy.h
rmkdepend: warning:  ZZMatrixElement/MEMCalculators/src/MEMCalculators.cpp (reading ./ZZMatrixElement/MELA/src/RooXZsZs_5D.h, line 12): cannot find include file "RooCategoryProxy.h"
	not in RooCategoryProxy.h
	not in ./ZZMatrixElement/MELA/src/RooCategoryProxy.h
	not in ./interface/RooCategoryProxy.h
	not in ./MELA/interface/RooCategoryProxy.h
	not in ./RooCategoryProxy.h
	not in /opt/root/include/RooCategoryProxy.h
	not in /usr/include/RooCategoryProxy.h
rmkdepend: warning:  ZZMatrixElement/MEMCalculators/src/MEMCalculators.cpp (reading ./ZZMatrixElement/MELA/src/RooXZsZs_5D.h, line 13): cannot find include file "RooAbsReal.h"
	not in RooAbsReal.h
	not in ./ZZMatrixElement/MELA/src/RooAbsReal.h
	not in ./interface/RooAbsReal.h
	not in ./MELA/interface/RooAbsReal.h
	not in ./RooAbsReal.h
	not in /opt/root/include/RooAbsReal.h
	not in /usr/include/RooAbsReal.h
rmkdepend: warning:  ZZMatrixElement/MEMCalculators/src/MEMCalculators.cpp (reading ./ZZMatrixElement/MELA/src/RooXZsZs_5D.h, line 14): cannot find include file "RooAbsCategory.h"
	not in RooAbsCategory.h
	not in ./ZZMatrixElement/MELA/src/RooAbsCategory.h
	not in ./interface/RooAbsCategory.h
	not in ./MELA/interface/RooAbsCategory.h
	not in ./RooAbsCategory.h
	not in /opt/root/include/RooAbsCategory.h
	not in /usr/include/RooAbsCategory.h
rmkdepend: warning:  ZZMatrixElement/MEMCalculators/src/MEMCalculators.cpp (reading ./ZZMatrixElement/MELA/src/RooXZsZs_5D.h, line 15): cannot find include file "RooArgList.h"
	not in RooArgList.h
	not in ./ZZMatrixElement/MELA/src/RooArgList.h
	not in ./interface/RooArgList.h
	not in ./MELA/interface/RooArgList.h
	not in ./RooArgList.h
	not in /opt/root/include/RooArgList.h
	not in /usr/include/RooArgList.h
rmkdepend: warning:  ZZMatrixElement/MEMCalculators/src/MEMCalculators.cpp (reading ./ZZMatrixElement/MELA/src/AngularPdfFactory.h, line 7): cannot find include file "cmath"
	not in ./interface/cmath
	not in ./MELA/interface/cmath
	not in ./cmath
	not in /opt/root/include/cmath
	not in /usr/include/cmath
rmkdepend: warning:  ZZMatrixElement/MEMCalculators/src/MEMCalculators.cpp (reading ./ZZMatrixElement/MELA/src/AngularPdfFactory.h, line 8): cannot find include file "string"
	not in ./interface/string
	not in ./MELA/interface/string
	not in ./string
	not in /opt/root/include/string
	not in /usr/include/string
rmkdepend: warning:  ZZMatrixElement/MEMCalculators/src/MEMCalculators.cpp (reading ./ZZMatrixElement/MELA/src/RooSpinOne_7D.h, line 10): cannot find include file "RooAbsPdf.h"
	not in RooAbsPdf.h
	not in ./ZZMatrixElement/MELA/src/RooAbsPdf.h
	not in ./interface/RooAbsPdf.h
	not in ./MELA/interface/RooAbsPdf.h
	not in ./RooAbsPdf.h
	not in /opt/root/include/RooAbsPdf.h
	not in /usr/include/RooAbsPdf.h
rmkdepend: warning:  ZZMatrixElement/MEMCalculators/src/MEMCalculators.cpp (reading ./ZZMatrixElement/MELA/src/RooSpinOne_7D.h, line 11): cannot find include file "RooRealProxy.h"
	not in RooRealProxy.h
	not in ./ZZMatrixElement/MELA/src/RooRealProxy.h
	not in ./interface/RooRealProxy.h
	not in ./MELA/interface/RooRealProxy.h
	not in ./RooRealProxy.h
	not in /opt/root/include/RooRealProxy.h
	not in /usr/include/RooRealProxy.h
rmkdepend: warning:  ZZMatrixElement/MEMCalculators/src/MEMCalculators.cpp (reading ./ZZMatrixElement/MELA/src/RooSpinOne_7D.h, line 12): cannot find include file "RooCategoryProxy.h"
	not in RooCategoryProxy.h
	not in ./ZZMatrixElement/MELA/src/RooCategoryProxy.h
	not in ./interface/RooCategoryProxy.h
	not in ./MELA/interface/RooCategoryProxy.h
	not in ./RooCategoryProxy.h
	not in /opt/root/include/RooCategoryProxy.h
	not in /usr/include/RooCategoryProxy.h
rmkdepend: warning:  ZZMatrixElement/MEMCalculators/src/MEMCalculators.cpp (reading ./ZZMatrixElement/MELA/src/RooSpinOne_7D.h, line 13): cannot find include file "RooAbsReal.h"
	not in RooAbsReal.h
	not in ./ZZMatrixElement/MELA/src/RooAbsReal.h
	not in ./interface/RooAbsReal.h
	not in ./MELA/interface/RooAbsReal.h
	not in ./RooAbsReal.h
	not in /opt/root/include/RooAbsReal.h
	not in /usr/include/RooAbsReal.h
rmkdepend: warning:  ZZMatrixElement/MEMCalculators/src/MEMCalculators.cpp (reading ./ZZMatrixElement/MELA/src/RooSpinOne_7D.h, line 14): cannot find include file "RooAbsCategory.h"
	not in RooAbsCategory.h
	not in ./ZZMatrixElement/MELA/src/RooAbsCategory.h
	not in ./interface/RooAbsCategory.h
	not in ./MELA/interface/RooAbsCategory.h
	not in ./RooAbsCategory.h
	not in /opt/root/include/RooAbsCategory.h
	not in /usr/include/RooAbsCategory.h
rmkdepend: warning:  ZZMatrixElement/MEMCalculators/src/MEMCalculators.cpp (reading ./ZZMatrixElement/MELA/src/VectorPdfFactory.h, line 6): cannot find include file "RooRealVar.h"
	not in RooRealVar.h
	not in ./ZZMatrixElement/MELA/src/RooRealVar.h
	not in ./interface/RooRealVar.h
	not in ./MELA/interface/RooRealVar.h
	not in ./RooRealVar.h
	not in /opt/root/include/RooRealVar.h
	not in /usr/include/RooRealVar.h
rmkdepend: warning:  ZZMatrixElement/MEMCalculators/src/MEMCalculators.cpp (reading ./ZZMatrixElement/MELA/src/VectorPdfFactory.h, line 7): cannot find include file "RooAbsPdf.h"
	not in RooAbsPdf.h
	not in ./ZZMatrixElement/MELA/src/RooAbsPdf.h
	not in ./interface/RooAbsPdf.h
	not in ./MELA/interface/RooAbsPdf.h
	not in ./RooAbsPdf.h
	not in /opt/root/include/RooAbsPdf.h
	not in /usr/include/RooAbsPdf.h
rmkdepend: warning:  ZZMatrixElement/MEMCalculators/src/MEMCalculators.cpp (reading ./ZZMatrixElement/MELA/src/VectorPdfFactory.h, line 8): cannot find include file "cmath"
	not in ./interface/cmath
	not in ./MELA/interface/cmath
	not in ./cmath
	not in /opt/root/include/cmath
	not in /usr/include/cmath
rmkdepend: warning:  ZZMatrixElement/MEMCalculators/src/MEMCalculators.cpp (reading ./ZZMatrixElement/MELA/src/RooSpinTwo_7D.h, line 10): cannot find include file "RooAbsPdf.h"
	not in RooAbsPdf.h
	not in ./ZZMatrixElement/MELA/src/RooAbsPdf.h
	not in ./interface/RooAbsPdf.h
	not in ./MELA/interface/RooAbsPdf.h
	not in ./RooAbsPdf.h
	not in /opt/root/include/RooAbsPdf.h
	not in /usr/include/RooAbsPdf.h
rmkdepend: warning:  ZZMatrixElement/MEMCalculators/src/MEMCalculators.cpp (reading ./ZZMatrixElement/MELA/src/RooSpinTwo_7D.h, line 11): cannot find include file "RooRealProxy.h"
	not in RooRealProxy.h
	not in ./ZZMatrixElement/MELA/src/RooRealProxy.h
	not in ./interface/RooRealProxy.h
	not in ./MELA/interface/RooRealProxy.h
	not in ./RooRealProxy.h
	not in /opt/root/include/RooRealProxy.h
	not in /usr/include/RooRealProxy.h
rmkdepend: warning:  ZZMatrixElement/MEMCalculators/src/MEMCalculators.cpp (reading ./ZZMatrixElement/MELA/src/RooSpinTwo_7D.h, line 12): cannot find include file "RooCategoryProxy.h"
	not in RooCategoryProxy.h
	not in ./ZZMatrixElement/MELA/src/RooCategoryProxy.h
	not in ./interface/RooCategoryProxy.h
	not in ./MELA/interface/RooCategoryProxy.h
	not in ./RooCategoryProxy.h
	not in /opt/root/include/RooCategoryProxy.h
	not in /usr/include/RooCategoryProxy.h
rmkdepend: warning:  ZZMatrixElement/MEMCalculators/src/MEMCalculators.cpp (reading ./ZZMatrixElement/MELA/src/RooSpinTwo_7D.h, line 13): cannot find include file "RooAbsReal.h"
	not in RooAbsReal.h
	not in ./ZZMatrixElement/MELA/src/RooAbsReal.h
	not in ./interface/RooAbsReal.h
	not in ./MELA/interface/RooAbsReal.h
	not in ./RooAbsReal.h
	not in /opt/root/include/RooAbsReal.h
	not in /usr/include/RooAbsReal.h
rmkdepend: warning:  ZZMatrixElement/MEMCalculators/src/MEMCalculators.cpp (reading ./ZZMatrixElement/MELA/src/RooSpinTwo_7D.h, line 14): cannot find include file "RooAbsCategory.h"
	not in RooAbsCategory.h
	not in ./ZZMatrixElement/MELA/src/RooAbsCategory.h
	not in ./interface/RooAbsCategory.h
	not in ./MELA/interface/RooAbsCategory.h
	not in ./RooAbsCategory.h
	not in /opt/root/include/RooAbsCategory.h
	not in /usr/include/RooAbsCategory.h
rmkdepend: warning:  ZZMatrixElement/MEMCalculators/src/MEMCalculators.cpp (reading ./ZZMatrixElement/MELA/src/TensorPdfFactory.h, line 6): cannot find include file "RooRealVar.h"
	not in RooRealVar.h
	not in ./ZZMatrixElement/MELA/src/RooRealVar.h
	not in ./interface/RooRealVar.h
	not in ./MELA/interface/RooRealVar.h
	not in ./RooRealVar.h
	not in /opt/root/include/RooRealVar.h
	not in /usr/include/RooRealVar.h
rmkdepend: warning:  ZZMatrixElement/MEMCalculators/src/MEMCalculators.cpp (reading ./ZZMatrixElement/MELA/src/TensorPdfFactory.h, line 7): cannot find include file "RooAbsPdf.h"
	not in RooAbsPdf.h
	not in ./ZZMatrixElement/MELA/src/RooAbsPdf.h
	not in ./interface/RooAbsPdf.h
	not in ./MELA/interface/RooAbsPdf.h
	not in ./RooAbsPdf.h
	not in /opt/root/include/RooAbsPdf.h
	not in /usr/include/RooAbsPdf.h
rmkdepend: warning:  ZZMatrixElement/MEMCalculators/src/MEMCalculators.cpp (reading ./ZZMatrixElement/MELA/src/TensorPdfFactory.h, line 8): cannot find include file "cmath"
	not in ./interface/cmath
	not in ./MELA/interface/cmath
	not in ./cmath
	not in /opt/root/include/cmath
	not in /usr/include/cmath
rmkdepend: warning:  ZZMatrixElement/MEMCalculators/src/MEMCalculators.cpp (reading ./ZZMatrixElement/MELA/src/RooqqZZ_JHU_ZgammaZZ_fast.h, line 10): cannot find include file "RooAbsPdf.h"
	not in RooAbsPdf.h
	not in ./ZZMatrixElement/MELA/src/RooAbsPdf.h
	not in ./interface/RooAbsPdf.h
	not in ./MELA/interface/RooAbsPdf.h
	not in ./RooAbsPdf.h
	not in /opt/root/include/RooAbsPdf.h
	not in /usr/include/RooAbsPdf.h
rmkdepend: warning:  ZZMatrixElement/MEMCalculators/src/MEMCalculators.cpp (reading ./ZZMatrixElement/MELA/src/RooqqZZ_JHU_ZgammaZZ_fast.h, line 11): cannot find include file "RooRealProxy.h"
	not in RooRealProxy.h
	not in ./ZZMatrixElement/MELA/src/RooRealProxy.h
	not in ./interface/RooRealProxy.h
	not in ./MELA/interface/RooRealProxy.h
	not in ./RooRealProxy.h
	not in /opt/root/include/RooRealProxy.h
	not in /usr/include/RooRealProxy.h
rmkdepend: warning:  ZZMatrixElement/MEMCalculators/src/MEMCalculators.cpp (reading ./ZZMatrixElement/MELA/src/RooqqZZ_JHU_ZgammaZZ_fast.h, line 12): cannot find include file "RooCategoryProxy.h"
	not in RooCategoryProxy.h
	not in ./ZZMatrixElement/MELA/src/RooCategoryProxy.h
	not in ./interface/RooCategoryProxy.h
	not in ./MELA/interface/RooCategoryProxy.h
	not in ./RooCategoryProxy.h
	not in /opt/root/include/RooCategoryProxy.h
	not in /usr/include/RooCategoryProxy.h
rmkdepend: warning:  ZZMatrixElement/MEMCalculators/src/MEMCalculators.cpp (reading ./ZZMatrixElement/MELA/src/RooqqZZ_JHU_ZgammaZZ_fast.h, line 13): cannot find include file "RooAbsReal.h"
	not in RooAbsReal.h
	not in ./ZZMatrixElement/MELA/src/RooAbsReal.h
	not in ./interface/RooAbsReal.h
	not in ./MELA/interface/RooAbsReal.h
	not in ./RooAbsReal.h
	not in /opt/root/include/RooAbsReal.h
	not in /usr/include/RooAbsReal.h
rmkdepend: warning:  ZZMatrixElement/MEMCalculators/src/MEMCalculators.cpp (reading ./ZZMatrixElement/MELA/src/RooqqZZ_JHU_ZgammaZZ_fast.h, line 14): cannot find include file "RooAbsCategory.h"
	not in RooAbsCategory.h
	not in ./ZZMatrixElement/MELA/src/RooAbsCategory.h
	not in ./interface/RooAbsCategory.h
	not in ./MELA/interface/RooAbsCategory.h
	not in ./RooAbsCategory.h
	not in /opt/root/include/RooAbsCategory.h
	not in /usr/include/RooAbsCategory.h
rmkdepend: warning:  ZZMatrixElement/MEMCalculators/src/MEMCalculators.cpp (reading ZZMatrixElement/MEKD/interface/MEKD.h, line 10): cannot find include file "cmath"
	not in ./interface/cmath
	not in ./MELA/interface/cmath
	not in ./cmath
	not in /opt/root/include/cmath
	not in /usr/include/cmath
rmkdepend: warning:  ZZMatrixElement/MEMCalculators/src/MEMCalculators.cpp (reading ZZMatrixElement/MEKD/interface/MEKD.h, line 11): cannot find include file "complex"
	not in ./interface/complex
	not in ./MELA/interface/complex
	not in ./complex
	not in /opt/root/include/complex
	not in /usr/include/complex
rmkdepend: warning:  ZZMatrixElement/MEMCalculators/src/MEMCalculators.cpp (reading ZZMatrixElement/MEKD/interface/MEKD.h, line 12): cannot find include file "cstdlib"
	not in ./interface/cstdlib
	not in ./MELA/interface/cstdlib
	not in ./cstdlib
	not in /opt/root/include/cstdlib
	not in /usr/include/cstdlib
rmkdepend: warning:  ZZMatrixElement/MEMCalculators/src/MEMCalculators.cpp (reading ZZMatrixElement/MEKD/interface/MEKD.h, line 13): cannot find include file "iostream"
	not in ./interface/iostream
	not in ./MELA/interface/iostream
	not in ./iostream
	not in /opt/root/include/iostream
	not in /usr/include/iostream
rmkdepend: warning:  ZZMatrixElement/MEMCalculators/src/MEMCalculators.cpp (reading ZZMatrixElement/MEKD/interface/MEKD.h, line 14): cannot find include file "fstream"
	not in ./interface/fstream
	not in ./MELA/interface/fstream
	not in ./fstream
	not in /opt/root/include/fstream
	not in /usr/include/fstream
rmkdepend: warning:  ZZMatrixElement/MEMCalculators/src/MEMCalculators.cpp (reading ZZMatrixElement/MEKD/interface/MEKD.h, line 15): cannot find include file "sstream"
	not in ./interface/sstream
	not in ./MELA/interface/sstream
	not in ./sstream
	not in /opt/root/include/sstream
	not in /usr/include/sstream
rmkdepend: warning:  ZZMatrixElement/MEMCalculators/src/MEMCalculators.cpp (reading ZZMatrixElement/MEKD/interface/MEKD.h, line 16): cannot find include file "vector"
	not in ./interface/vector
	not in ./MELA/interface/vector
	not in ./vector
	not in /opt/root/include/vector
	not in /usr/include/vector
rmkdepend: warning:  ZZMatrixElement/MEMCalculators/src/MEMCalculators.cpp (reading /opt/root/include/TTreeFormula.h, line 38): cannot find include file "string"
	not in ./interface/string
	not in ./MELA/interface/string
	not in ./string
	not in /opt/root/include/string
	not in /usr/include/string
rmkdepend: warning:  ZZMatrixElement/MEMCalculators/src/MEMCalculators.cpp (reading /opt/root/include/TTreeFormula.h, line 39): cannot find include file "vector"
	not in ./interface/vector
	not in ./MELA/interface/vector
	not in ./vector
	not in /opt/root/include/vector
	not in /usr/include/vector
rmkdepend: warning:  ZZMatrixElement/MEMCalculators/src/MEMCalculators.cpp (reading ZZMatrixElement/MEKD/interface/MEKD_MG.h, line 4): cannot find include file "string"
	not in ./interface/string
	not in ./MELA/interface/string
	not in ./string
	not in /opt/root/include/string
	not in /usr/include/string
rmkdepend: warning:  ZZMatrixElement/MEMCalculators/src/MEMCalculators.cpp (reading ZZMatrixElement/MEKD/interface/MEKD_MG.h, line 5): cannot find include file "vector"
	not in ./interface/vector
	not in ./MELA/interface/vector
	not in ./vector
	not in /opt/root/include/vector
	not in /usr/include/vector
rmkdepend: warning:  ZZMatrixElement/MEMCalculators/src/MEMCalculators.cpp (reading ZZMatrixElement/MEKD/interface/MEKD_MG.h, line 7): cannot find include file "sstream"
	not in ./interface/sstream
	not in ./MELA/interface/sstream
	not in ./sstream
	not in /opt/root/include/sstream
	not in /usr/include/sstream
rmkdepend: warning:  ZZMatrixElement/MEMCalculators/src/MEMCalculators.cpp (reading ZZMatrixElement/MEKD/interface/MEKD_MG.h, line 8): cannot find include file "complex"
	not in ./interface/complex
	not in ./MELA/interface/complex
	not in ./complex
	not in /opt/root/include/complex
	not in /usr/include/complex
rmkdepend: warning:  ZZMatrixElement/MEMCalculators/src/MEMCalculators.cpp (reading ZZMatrixElement/MEKD/src/MadGraphSrc/read_slha.h, line 4): cannot find include file "map"
	not in ./interface/map
	not in ./MELA/interface/map
	not in ./map
	not in /opt/root/include/map
	not in /usr/include/map
rmkdepend: warning:  ZZMatrixElement/MEMCalculators/src/MEMCalculators.cpp (reading ZZMatrixElement/MEKD/src/MadGraphSrc/read_slha.h, line 5): cannot find include file "string"
	not in ./interface/string
	not in ./MELA/interface/string
	not in ./string
	not in /opt/root/include/string
	not in /usr/include/string
rmkdepend: warning:  ZZMatrixElement/MEMCalculators/src/MEMCalculators.cpp (reading ZZMatrixElement/MEKD/src/MadGraphSrc/read_slha.h, line 6): cannot find include file "sstream"
	not in ./interface/sstream
	not in ./MELA/interface/sstream
	not in ./sstream
	not in /opt/root/include/sstream
	not in /usr/include/sstream
rmkdepend: warning:  ZZMatrixElement/MEMCalculators/src/MEMCalculators.cpp (reading ZZMatrixElement/MEKD/src/MadGraphSrc/read_slha.h, line 7): cannot find include file "vector"
	not in ./interface/vector
	not in ./MELA/interface/vector
	not in ./vector
	not in /opt/root/include/vector
	not in /usr/include/vector
rmkdepend: warning:  ZZMatrixElement/MEMCalculators/src/MEMCalculators.cpp (reading ZZMatrixElement/MEKD/src/MadGraphSrc/read_slha.h, line 8): cannot find include file "complex"
	not in ./interface/complex
	not in ./MELA/interface/complex
	not in ./complex
	not in /opt/root/include/complex
	not in /usr/include/complex
rmkdepend: warning:  ZZMatrixElement/MEMCalculators/src/MEMCalculators.cpp (reading ZZMatrixElement/MEMCalculators/interface/MEMCalculators.h, line 8): cannot find include file "iostream"
	not in ./interface/iostream
	not in ./MELA/interface/iostream
	not in ./iostream
	not in /opt/root/include/iostream
	not in /usr/include/iostream
rmkdepend: warning:  ZZMatrixElement/MEMCalculators/src/MEMCalculators.cpp (reading ZZMatrixElement/MEMCalculators/interface/MEMCalculators.h, line 9): cannot find include file "complex"
	not in ./interface/complex
	not in ./MELA/interface/complex
	not in ./complex
	not in /opt/root/include/complex
	not in /usr/include/complex
rmkdepend: warning:  ZZMatrixElement/MEMCalculators/src/MEMCalculators.cpp (reading ZZMatrixElement/MEMCalculators/interface/MEMCalculators.h, line 10): cannot find include file "cstdlib"
	not in ./interface/cstdlib
	not in ./MELA/interface/cstdlib
	not in ./cstdlib
	not in /opt/root/include/cstdlib
	not in /usr/include/cstdlib
rmkdepend: warning:  ZZMatrixElement/MEMCalculators/src/MEMCalculators.cpp (reading ZZMatrixElement/MEMCalculators/interface/MEMCalculators.h, line 11): cannot find include file "vector"
	not in ./interface/vector
	not in ./MELA/interface/vector
	not in ./vector
	not in /opt/root/include/vector
	not in /usr/include/vector
rmkdepend: warning:  ZZMatrixElement/MEMCalculators/src/MEMCalculators.cpp (reading ZZMatrixElement/MEMCalculators/interface/MEMCalculators.h, line 12): cannot find include file "fstream"
	not in ./interface/fstream
	not in ./MELA/interface/fstream
	not in ./fstream
	not in /opt/root/include/fstream
	not in /usr/include/fstream
rmkdepend: warning:  ZZMatrixElement/MEMCalculators/src/MEMCalculators.cpp (reading ZZMatrixElement/MEMCalculators/interface/MEMCalculators.h, line 13): cannot find include file "sstream"
	not in ./interface/sstream
	not in ./MELA/interface/sstream
	not in ./sstream
	not in /opt/root/include/sstream
	not in /usr/include/sstream
rmkdepend: warning:  ZZMatrixElement/MEMCalculators/src/MEMCalculators.cpp (reading ZZMatrixElement/MEMCalculators/interface/MEMCalculators.h, line 14): cannot find include file "cmath"
	not in ./interface/cmath
	not in ./MELA/interface/cmath
	not in ./cmath
	not in /opt/root/include/cmath
	not in /usr/include/cmath
rmkdepend: warning:  ZZMatrixElement/MEMCalculators/src/MEMCalculators.cpp (reading ZZMatrixElement/MEMCalculators/interface/MEMCalculators.h, line 15): cannot find include file "map"
	not in ./interface/map
	not in ./MELA/interface/map
	not in ./map
	not in /opt/root/include/map
	not in /usr/include/map
